app/build/intermediates/manifest_merge_blame_file/debug/processDebugMainManifest/manifest-merger-blame-debug-report.txt
1<?xml version="1.0" encoding="utf-8"?>
2<manifest xmlns:android="http://schemas.android.com/apk/res/android"
3    package="com.example.wscube1"
4    android:versionCode="1"
5    android:versionName="1.0" >
6
7    <uses-sdk
8        android:minSdkVersion="24"
9        android:targetSdkVersion="34" />
10
11    <uses-feature
11-->src\main\AndroidManifest.xml:5:5-7:36
12        android:name="android.hardware.camera"
12-->src\main\AndroidManifest.xml:6:9-47
13        android:required="false" />
13-->src\main\AndroidManifest.xml:7:9-33
14
15    <uses-permission android:name="android.permission.INTERNET" />
15-->src\main\AndroidManifest.xml:9:5-67
15-->src\main\AndroidManifest.xml:9:22-64
16    <uses-permission
16-->src\main\AndroidManifest.xml:10:5-12:38
17        android:name="android.permission.READ_EXTERNAL_STORAGE"
17-->src\main\AndroidManifest.xml:11:9-64
18        android:maxSdkVersion="32" />
18-->src\main\AndroidManifest.xml:12:9-35
19    <uses-permission
19-->src\main\AndroidManifest.xml:13:5-15:38
20        android:name="android.permission.WRITE_EXTERNAL_STORAGE"
20-->src\main\AndroidManifest.xml:14:9-65
21        android:maxSdkVersion="32" />
21-->src\main\AndroidManifest.xml:15:9-35
22    <uses-permission android:name="android.permission.CAMERA" />
22-->src\main\AndroidManifest.xml:16:5-65
22-->src\main\AndroidManifest.xml:16:22-62
23    <uses-permission android:name="android.permission.GALLERY" />
23-->src\main\AndroidManifest.xml:17:5-66
23-->src\main\AndroidManifest.xml:17:22-63
24
25    <permission
25-->[androidx.core:core:1.12.0] AndroidManifest.xml:22:5-24:47
26        android:name="com.example.wscube1.DYNAMIC_RECEIVER_NOT_EXPORTED_PERMISSION"
26-->[androidx.core:core:1.12.0] AndroidManifest.xml:23:9-81
27        android:protectionLevel="signature" />
27-->[androidx.core:core:1.12.0] AndroidManifest.xml:24:9-44
28
29    <uses-permission android:name="com.example.wscube1.DYNAMIC_RECEIVER_NOT_EXPORTED_PERMISSION" />
29-->[androidx.core:core:1.12.0] AndroidManifest.xml:26:5-97
29-->[androidx.core:core:1.12.0] AndroidManifest.xml:26:22-94
30
31    <application
31-->src\main\AndroidManifest.xml:19:5-114:19
32        android:allowBackup="true"
32-->src\main\AndroidManifest.xml:20:9-35
33        android:appComponentFactory="androidx.core.app.CoreComponentFactory"
33-->[androidx.core:core:1.12.0] AndroidManifest.xml:28:18-86
34        android:dataExtractionRules="@xml/data_extraction_rules"
34-->src\main\AndroidManifest.xml:21:9-65
35        android:debuggable="true"
36        android:extractNativeLibs="false"
37        android:fullBackupContent="@xml/backup_rules"
37-->src\main\AndroidManifest.xml:22:9-54
38        android:icon="@mipmap/ic_launcher"
38-->src\main\AndroidManifest.xml:23:9-43
39        android:label="@string/app_name"
39-->src\main\AndroidManifest.xml:24:9-41
40        android:requestLegacyExternalStorage="true"
40-->src\main\AndroidManifest.xml:25:9-52
41        android:roundIcon="@mipmap/ic_launcher_round"
41-->src\main\AndroidManifest.xml:26:9-54
42        android:supportsRtl="true"
42-->src\main\AndroidManifest.xml:27:9-35
43        android:testOnly="true"
44        android:theme="@style/Theme.WSCube1" >
44-->src\main\AndroidManifest.xml:28:9-45
45        <activity
45-->src\main\AndroidManifest.xml:30:9-33:52
46            android:name="com.example.wscube1.SQLiteDemoActivity"
46-->src\main\AndroidManifest.xml:31:13-47
47            android:exported="false"
47-->src\main\AndroidManifest.xml:32:13-37
48            android:theme="@style/Theme.WSCube1" />
48-->src\main\AndroidManifest.xml:33:13-49
49        <activity
49-->src\main\AndroidManifest.xml:34:9-37:52
50            android:name="com.example.wscube1.RecyclerViewActivity"
50-->src\main\AndroidManifest.xml:35:13-49
51            android:exported="false"
51-->src\main\AndroidManifest.xml:36:13-37
52            android:theme="@style/Theme.WSCube1" />
52-->src\main\AndroidManifest.xml:37:13-49
53        <activity
53-->src\main\AndroidManifest.xml:38:9-41:52
54            android:name="com.example.wscube1.LoadImageNetworkAndGallaryActivity"
54-->src\main\AndroidManifest.xml:39:13-63
55            android:exported="false"
55-->src\main\AndroidManifest.xml:40:13-37
56            android:theme="@style/Theme.WSCube1" />
56-->src\main\AndroidManifest.xml:41:13-49
57        <activity
57-->src\main\AndroidManifest.xml:42:9-45:52
58            android:name="com.example.wscube1.PassDataOneActiityToAnother"
58-->src\main\AndroidManifest.xml:43:13-56
59            android:exported="false"
59-->src\main\AndroidManifest.xml:44:13-37
60            android:theme="@style/Theme.WSCube1" />
60-->src\main\AndroidManifest.xml:45:13-49
61        <activity
61-->src\main\AndroidManifest.xml:46:9-49:52
62            android:name="com.example.wscube1.ToastDemoActivity"
62-->src\main\AndroidManifest.xml:47:13-46
63            android:exported="false"
63-->src\main\AndroidManifest.xml:48:13-37
64            android:theme="@style/Theme.WSCube1" />
64-->src\main\AndroidManifest.xml:49:13-49
65        <activity
65-->src\main\AndroidManifest.xml:50:9-53:52
66            android:name="com.example.wscube1.BundelDemoActivity"
66-->src\main\AndroidManifest.xml:51:13-47
67            android:exported="false"
67-->src\main\AndroidManifest.xml:52:13-37
68            android:theme="@style/Theme.WSCube1" />
68-->src\main\AndroidManifest.xml:53:13-49
69        <activity
69-->src\main\AndroidManifest.xml:54:9-57:52
70            android:name="com.example.wscube1.FragmentDemoActivity"
70-->src\main\AndroidManifest.xml:55:13-49
71            android:exported="false"
71-->src\main\AndroidManifest.xml:56:13-37
72            android:theme="@style/Theme.WSCube1" />
72-->src\main\AndroidManifest.xml:57:13-49
73        <activity
73-->src\main\AndroidManifest.xml:58:9-61:52
74            android:name="com.example.wscube1.SharedPreferencesActivity"
74-->src\main\AndroidManifest.xml:59:13-54
75            android:exported="false"
75-->src\main\AndroidManifest.xml:60:13-37
76            android:theme="@style/Theme.WSCube1" />
76-->src\main\AndroidManifest.xml:61:13-49
77        <activity
77-->src\main\AndroidManifest.xml:62:9-65:52
78            android:name="com.example.wscube1.CompatibleScreenActivity"
78-->src\main\AndroidManifest.xml:63:13-53
79            android:exported="false"
79-->src\main\AndroidManifest.xml:64:13-37
80            android:theme="@style/Theme.WSCube1" />
80-->src\main\AndroidManifest.xml:65:13-49
81        <activity
81-->src\main\AndroidManifest.xml:66:9-68:40
82            android:name="com.example.wscube1.LayoutList.LinearLayout"
82-->src\main\AndroidManifest.xml:67:13-52
83            android:exported="false" />
83-->src\main\AndroidManifest.xml:68:13-37
84        <activity
84-->src\main\AndroidManifest.xml:69:9-72:52
85            android:name="com.example.wscube1.LayoutList.LayoutListActivity"
85-->src\main\AndroidManifest.xml:70:13-58
86            android:exported="false"
86-->src\main\AndroidManifest.xml:71:13-37
87            android:theme="@style/Theme.WSCube1" />
87-->src\main\AndroidManifest.xml:72:13-49
88        <activity
88-->src\main\AndroidManifest.xml:73:9-76:52
89            android:name="com.example.wscube1.TextviewForListview"
89-->src\main\AndroidManifest.xml:74:13-48
90            android:exported="false"
90-->src\main\AndroidManifest.xml:75:13-37
91            android:theme="@style/Theme.WSCube1" />
91-->src\main\AndroidManifest.xml:76:13-49
92        <activity
92-->src\main\AndroidManifest.xml:77:9-80:52
93            android:name="com.example.wscube1.LayoutDemoActivity"
93-->src\main\AndroidManifest.xml:78:13-47
94            android:exported="false"
94-->src\main\AndroidManifest.xml:79:13-37
95            android:theme="@style/Theme.WSCube1" />
95-->src\main\AndroidManifest.xml:80:13-49
96        <activity
96-->src\main\AndroidManifest.xml:81:9-84:52
97            android:name="com.example.wscube1.DateAndTimeDemoActivity"
97-->src\main\AndroidManifest.xml:82:13-52
98            android:exported="false"
98-->src\main\AndroidManifest.xml:83:13-37
99            android:theme="@style/Theme.WSCube1" />
99-->src\main\AndroidManifest.xml:84:13-49
100        <activity
100-->src\main\AndroidManifest.xml:85:9-87:40
101            android:name="com.example.wscube1.FillFormActivity"
101-->src\main\AndroidManifest.xml:86:13-45
102            android:exported="false" />
102-->src\main\AndroidManifest.xml:87:13-37
103        <activity
103-->src\main\AndroidManifest.xml:88:9-91:52
104            android:name="com.example.wscube1.AddContactPageActivity"
104-->src\main\AndroidManifest.xml:89:13-51
105            android:exported="false"
105-->src\main\AndroidManifest.xml:90:13-37
106            android:theme="@style/Theme.WSCube1" />
106-->src\main\AndroidManifest.xml:91:13-49
107        <activity
107-->src\main\AndroidManifest.xml:92:9-95:52
108            android:name="com.example.wscube1.BundlePracActivity"
108-->src\main\AndroidManifest.xml:93:13-47
109            android:exported="false"
109-->src\main\AndroidManifest.xml:94:13-37
110            android:theme="@style/Theme.WSCube1" /> <!-- <activity -->
110-->src\main\AndroidManifest.xml:95:13-49
111        <!-- android:name=".Second" -->
112        <!-- android:exported="false" -->
113        <!-- android:theme="@style/Theme.WSCube1" /> -->
114        <!-- <activity -->
115        <!-- android:name=".Activity1" -->
116        <!-- android:exported="false" -->
117        <!-- android:label="@string/title_activity_1" -->
118        <!-- android:theme="@style/Theme.WSCube1" /> -->
119        <activity
119-->src\main\AndroidManifest.xml:104:9-113:20
120            android:name="com.example.wscube1.MainActivity"
120-->src\main\AndroidManifest.xml:105:13-41
121            android:exported="true"
121-->src\main\AndroidManifest.xml:106:13-36
122            android:theme="@style/Theme.WSCube1" >
122-->src\main\AndroidManifest.xml:107:13-49
123            <intent-filter>
123-->src\main\AndroidManifest.xml:108:13-112:29
124                <action android:name="android.intent.action.MAIN" />
124-->src\main\AndroidManifest.xml:109:17-69
124-->src\main\AndroidManifest.xml:109:25-66
125
126                <category android:name="android.intent.category.LAUNCHER" />
126-->src\main\AndroidManifest.xml:111:17-77
126-->src\main\AndroidManifest.xml:111:27-74
127            </intent-filter>
128        </activity>
129        <activity
129-->[androidx.compose.ui:ui-tooling-android:1.6.0] AndroidManifest.xml:23:9-25:39
130            android:name="androidx.compose.ui.tooling.PreviewActivity"
130-->[androidx.compose.ui:ui-tooling-android:1.6.0] AndroidManifest.xml:24:13-71
131            android:exported="true" />
131-->[androidx.compose.ui:ui-tooling-android:1.6.0] AndroidManifest.xml:25:13-36
132        <activity
132-->[androidx.compose.ui:ui-test-manifest:1.6.0] AndroidManifest.xml:23:9-25:39
133            android:name="androidx.activity.ComponentActivity"
133-->[androidx.compose.ui:ui-test-manifest:1.6.0] AndroidManifest.xml:24:13-63
134            android:exported="true" />
134-->[androidx.compose.ui:ui-test-manifest:1.6.0] AndroidManifest.xml:25:13-36
135
136        <uses-library
136-->[androidx.window:window:1.0.0] AndroidManifest.xml:25:9-27:40
137            android:name="androidx.window.extensions"
137-->[androidx.window:window:1.0.0] AndroidManifest.xml:26:13-54
138            android:required="false" />
138-->[androidx.window:window:1.0.0] AndroidManifest.xml:27:13-37
139        <uses-library
139-->[androidx.window:window:1.0.0] AndroidManifest.xml:28:9-30:40
140            android:name="androidx.window.sidecar"
140-->[androidx.window:window:1.0.0] AndroidManifest.xml:29:13-51
141            android:required="false" />
141-->[androidx.window:window:1.0.0] AndroidManifest.xml:30:13-37
142
143        <provider
143-->[androidx.emoji2:emoji2:1.3.0] AndroidManifest.xml:24:9-32:20
144            android:name="androidx.startup.InitializationProvider"
144-->[androidx.emoji2:emoji2:1.3.0] AndroidManifest.xml:25:13-67
145            android:authorities="com.example.wscube1.androidx-startup"
145-->[androidx.emoji2:emoji2:1.3.0] AndroidManifest.xml:26:13-68
146            android:exported="false" >
146-->[androidx.emoji2:emoji2:1.3.0] AndroidManifest.xml:27:13-37
147            <meta-data
147-->[androidx.emoji2:emoji2:1.3.0] AndroidManifest.xml:29:13-31:52
148                android:name="androidx.emoji2.text.EmojiCompatInitializer"
148-->[androidx.emoji2:emoji2:1.3.0] AndroidManifest.xml:30:17-75
149                android:value="androidx.startup" />
149-->[androidx.emoji2:emoji2:1.3.0] AndroidManifest.xml:31:17-49
150            <meta-data
150-->[androidx.lifecycle:lifecycle-process:2.6.2] AndroidManifest.xml:29:13-31:52
151                android:name="androidx.lifecycle.ProcessLifecycleInitializer"
151-->[androidx.lifecycle:lifecycle-process:2.6.2] AndroidManifest.xml:30:17-78
152                android:value="androidx.startup" />
152-->[androidx.lifecycle:lifecycle-process:2.6.2] AndroidManifest.xml:31:17-49
153            <meta-data
153-->[androidx.profileinstaller:profileinstaller:1.3.0] AndroidManifest.xml:29:13-31:52
154                android:name="androidx.profileinstaller.ProfileInstallerInitializer"
154-->[androidx.profileinstaller:profileinstaller:1.3.0] AndroidManifest.xml:30:17-85
155                android:value="androidx.startup" />
155-->[androidx.profileinstaller:profileinstaller:1.3.0] AndroidManifest.xml:31:17-49
156        </provider>
157
158        <service
158-->[androidx.room:room-runtime:2.6.1] AndroidManifest.xml:24:9-28:63
159            android:name="androidx.room.MultiInstanceInvalidationService"
159-->[androidx.room:room-runtime:2.6.1] AndroidManifest.xml:25:13-74
160            android:directBootAware="true"
160-->[androidx.room:room-runtime:2.6.1] AndroidManifest.xml:26:13-43
161            android:exported="false" />
161-->[androidx.room:room-runtime:2.6.1] AndroidManifest.xml:27:13-37
162
163        <receiver
163-->[androidx.profileinstaller:profileinstaller:1.3.0] AndroidManifest.xml:34:9-52:20
164            android:name="androidx.profileinstaller.ProfileInstallReceiver"
164-->[androidx.profileinstaller:profileinstaller:1.3.0] AndroidManifest.xml:35:13-76
165            android:directBootAware="false"
165-->[androidx.profileinstaller:profileinstaller:1.3.0] AndroidManifest.xml:36:13-44
166            android:enabled="true"
166-->[androidx.profileinstaller:profileinstaller:1.3.0] AndroidManifest.xml:37:13-35
167            android:exported="true"
167-->[androidx.profileinstaller:profileinstaller:1.3.0] AndroidManifest.xml:38:13-36
168            android:permission="android.permission.DUMP" >
168-->[androidx.profileinstaller:profileinstaller:1.3.0] AndroidManifest.xml:39:13-57
169            <intent-filter>
169-->[androidx.profileinstaller:profileinstaller:1.3.0] AndroidManifest.xml:40:13-42:29
170                <action android:name="androidx.profileinstaller.action.INSTALL_PROFILE" />
170-->[androidx.profileinstaller:profileinstaller:1.3.0] AndroidManifest.xml:41:17-91
170-->[androidx.profileinstaller:profileinstaller:1.3.0] AndroidManifest.xml:41:25-88
171            </intent-filter>
172            <intent-filter>
172-->[androidx.profileinstaller:profileinstaller:1.3.0] AndroidManifest.xml:43:13-45:29
173                <action android:name="androidx.profileinstaller.action.SKIP_FILE" />
173-->[androidx.profileinstaller:profileinstaller:1.3.0] AndroidManifest.xml:44:17-85
173-->[androidx.profileinstaller:profileinstaller:1.3.0] AndroidManifest.xml:44:25-82
174            </intent-filter>
175            <intent-filter>
175-->[androidx.profileinstaller:profileinstaller:1.3.0] AndroidManifest.xml:46:13-48:29
176                <action android:name="androidx.profileinstaller.action.SAVE_PROFILE" />
176-->[androidx.profileinstaller:profileinstaller:1.3.0] AndroidManifest.xml:47:17-88
176-->[androidx.profileinstaller:profileinstaller:1.3.0] AndroidManifest.xml:47:25-85
177            </intent-filter>
178            <intent-filter>
178-->[androidx.profileinstaller:profileinstaller:1.3.0] AndroidManifest.xml:49:13-51:29
179                <action android:name="androidx.profileinstaller.action.BENCHMARK_OPERATION" />
179-->[androidx.profileinstaller:profileinstaller:1.3.0] AndroidManifest.xml:50:17-95
179-->[androidx.profileinstaller:profileinstaller:1.3.0] AndroidManifest.xml:50:25-92
180            </intent-filter>
181        </receiver>
182    </application>
183
184</manifest>